FILE: test/ekm/vdefault/000_smalltests/lib/universe/assert/AssertionError_assert_no_params.ekm

SCRIPT:

# Copyright (C) 2020  Germ√°n Fuentes Capella

assert()


BACKTRACE:

Traceback (most recent call last):
  test/ekm/vdefault/000_smalltests/lib/universe/assert/AssertionError_assert_no_params.ekm:3:7: in <toplevel>
  <builtin>: in assert


ERRORS:

 [*starlark.EvalError] AssertionError: assert: missing argument for ok
	 [*ekerrors.EKError] AssertionError: assert: missing argument for ok
		 [*errors.errorString] assert: missing argument for ok
